<?xml version="1.0" encoding="UTF-8"?>
<!-- Generated by org.testng.reporters.JUnitReportReporter -->
<testsuite hostname="BIOMED0220686" name="com.github.jmchilton.blend4j.toolshed.RepositoriesClientTest" tests="3" failures="0" timestamp="9 May 2017 11:32:12 GMT" time="9.902" errors="0">
  <testcase name="testGetTools" time="7.377" classname="com.github.jmchilton.blend4j.toolshed.RepositoriesClientTest"/>
  <testcase name="testGetLatestRepositoryRevision" time="0.500" classname="com.github.jmchilton.blend4j.toolshed.RepositoriesClientTest"/>
  <testcase name="testGetInstallableRevisions" time="2.025" classname="com.github.jmchilton.blend4j.toolshed.RepositoriesClientTest"/>
</testsuite> <!-- com.github.jmchilton.blend4j.toolshed.RepositoriesClientTest -->
